<?xml version="1.0" encoding="UTF-8"?>
<testng-results ignored="0" total="1" passed="1" failed="0" skipped="0">
  <reporter-output>
  </reporter-output>
  <suite started-at="2022-07-12T07:42:18 IST" name="Default suite" finished-at="2022-07-12T07:43:07 IST" duration-ms="48560">
    <groups>
    </groups>
    <test started-at="2022-07-12T07:42:18 IST" name="Default test" finished-at="2022-07-12T07:43:07 IST" duration-ms="48560">
      <class name="scripts.Testcase3">
        <test-method is-config="true" signature="OpenApp()[pri:0, instance:scripts.Testcase3@61230f6a]" started-at="2022-07-12T07:42:18 IST" name="OpenApp" finished-at="2022-07-12T07:42:41 IST" duration-ms="22894" status="PASS">
          <reporter-output>
          </reporter-output>
        </test-method> <!-- OpenApp -->
        <test-method signature="tc3()[pri:0, instance:scripts.Testcase3@61230f6a]" started-at="2022-07-12T07:42:41 IST" name="tc3" finished-at="2022-07-12T07:43:05 IST" duration-ms="23947" status="PASS">
          <reporter-output>
          </reporter-output>
        </test-method> <!-- tc3 -->
        <test-method is-config="true" signature="CloseApp(org.testng.ITestResult)[pri:0, instance:scripts.Testcase3@61230f6a]" started-at="2022-07-12T07:43:05 IST" name="CloseApp" finished-at="2022-07-12T07:43:07 IST" duration-ms="1495" status="PASS">
          <params>
            <param index="0">
              <value>
                <![CDATA[[TestResult name=tc3 status=SUCCESS method=Testcase3.tc3()[pri:0, instance:scripts.Testcase3@61230f6a] output={null}]]]>
              </value>
            </param>
          </params>
          <reporter-output>
          </reporter-output>
        </test-method> <!-- CloseApp -->
      </class> <!-- scripts.Testcase3 -->
    </test> <!-- Default test -->
  </suite> <!-- Default suite -->
</testng-results>
